<?xml version="1.0" encoding="UTF-8"?>
<!-- Generated by org.testng.reporters.JUnitXMLReporter -->
<testsuite ignored="2" hostname="DESKTOP-3OLENNV" failures="2" tests="20" name="Test" time="1357.31" errors="0" timestamp="02 Aug 2019 13:02:53 GMT">
  <testcase classname="com.scotts.mygarden.test.TestExplorer" name="Decoratives" time="33.95"/>
  <testcase classname="com.scotts.mygarden.test.TestExplorer" name="Diseases" time="30.945"/>
  <testcase classname="com.scotts.mygarden.test.TestExplorer" name="Edibles" time="32.232"/>
  <testcase classname="com.scotts.mygarden.test.TestExplorer" name="Pests" time="29.038"/>
  <testcase classname="com.scotts.mygarden.test.TestExplorer" name="Weeds" time="30.428"/>
  <testcase classname="com.scotts.mygarden.test.TestProjectOverview" name="PrepPlant" time="21.358"/>
  <testcase classname="com.scotts.mygarden.test.TestProjectOverview" name="PrepPlantvideo" time="11.39"/>
  <testcase classname="com.scotts.mygarden.test.TestProjectOverview" name="Supplies" time="7.238"/>
  <testcase classname="com.scotts.mygarden.test.TestProjectOverview" name="WhatYouNeedSection" time="7.006"/>
  <testcase classname="com.scotts.mygarden.test.TestSuccessPlans" name="AllActivitesData" time="4.346"/>
  <testcase classname="com.scotts.mygarden.test.TestSuccessPlans" name="CancelDeleteSuccessPlan" time="6.466"/>
  <testcase classname="com.scotts.mygarden.test.TestSuccessPlans" name="InstructionsData" time="30.231">
    <failure type="org.openqa.selenium.NoSuchElementException" message="Can&amp;apos;t locate an element by this strategy: By.chained({By.id: com.scotts.gro.alpha:id/text_action})">
      <![CDATA[org.openqa.selenium.NoSuchElementException: Can't locate an element by this strategy: By.chained({By.id: com.scotts.gro.alpha:id/text_action})
at io.appium.java_client.pagefactory.AppiumElementLocator.findElement(AppiumElementLocator.java:126)
at io.appium.java_client.pagefactory.interceptors.InterceptorOfASingleElement.intercept(InterceptorOfASingleElement.java:59)
at io.appium.java_client.android.AndroidElement$$EnhancerByCGLIB$$b598166c.click(<generated>)
at com.scotts.mygarden.page.SuccessPlan.ReadLink(SuccessPlan.java:79)
at com.scotts.mygarden.test.TestSuccessPlans.InstructionsData(TestSuccessPlans.java:64)
Caused by: org.openqa.selenium.TimeoutException: Expected condition failed: waiting for io.appium.java_client.pagefactory.AppiumElementLocator$WaitingFunction@47f04e4d (tried for 1 second(s) with 500 milliseconds interval)
at org.openqa.selenium.support.ui.FluentWait.timeoutException(FluentWait.java:304)
at org.openqa.selenium.support.ui.FluentWait.until(FluentWait.java:272)
at io.appium.java_client.pagefactory.AppiumElementLocator.waitFor(AppiumElementLocator.java:99)
at io.appium.java_client.pagefactory.AppiumElementLocator.findElement(AppiumElementLocator.java:119)
... 29 more
Caused by: org.openqa.selenium.NoSuchElementException: Cannot locate an element using By.chained({By.id: com.scotts.gro.alpha:id/text_action})
For documentation on this error, please visit: https://www.seleniumhq.org/exceptions/no_such_element.html
Build info: version: '3.141.59', revision: 'e82be7d358', time: '2018-11-14T08:17:03'
System info: host: 'DESKTOP-3OLENNV', ip: '10.15.2.157', os.name: 'Windows 10', os.arch: 'amd64', os.version: '10.0', java.version: '10.0.2'
Driver info: driver.version: AndroidDriver
at io.appium.java_client.pagefactory.bys.builder.ByChained.findElement(ByChained.java:74)
at org.openqa.selenium.remote.RemoteWebDriver.findElement(RemoteWebDriver.java:315)
at io.appium.java_client.DefaultGenericMobileDriver.findElement(DefaultGenericMobileDriver.java:58)
at io.appium.java_client.AppiumDriver.findElement(AppiumDriver.java:1)
at io.appium.java_client.android.AndroidDriver.findElement(AndroidDriver.java:1)
at io.appium.java_client.pagefactory.bys.ContentMappedBy.findElement(ContentMappedBy.java:50)
at org.openqa.selenium.remote.RemoteWebDriver.findElement(RemoteWebDriver.java:315)
at io.appium.java_client.DefaultGenericMobileDriver.findElement(DefaultGenericMobileDriver.java:58)
at io.appium.java_client.AppiumDriver.findElement(AppiumDriver.java:1)
at io.appium.java_client.android.AndroidDriver.findElement(AndroidDriver.java:1)
at io.appium.java_client.pagefactory.AppiumElementLocator.lambda$0(AppiumElementLocator.java:120)
at io.appium.java_client.pagefactory.AppiumElementLocator$WaitingFunction.apply(AppiumElementLocator.java:172)
at io.appium.java_client.pagefactory.AppiumElementLocator$WaitingFunction.apply(AppiumElementLocator.java:1)
at org.openqa.selenium.support.ui.FluentWait.until(FluentWait.java:249)
... 31 more
... Removed 25 stack frames]]>
    </failure>
  </testcase> <!-- InstructionsData -->
  <testcase classname="com.scotts.mygarden.test.TestAccount" name="MyLawnAppSection" time="10.197"/>
  <testcase classname="com.scotts.mygarden.test.TestAccount" name="PrivacyPolicySection" time="12.8"/>
  <testcase classname="com.scotts.mygarden.test.TestAccount" name="TermsConditionsSection" time="6.181"/>
  <testcase classname="com.scotts.mygarden.test.TestFreshTips" name="FeedArticleData" time="27.765"/>
  <testcase classname="com.scotts.mygarden.test.TestFreshTips" name="HeroArticleData" time="6.77"/>
  <testcase classname="com.scotts.mygarden.test.TestProjectOverview" name="NewSetupPlan" time="8.961"/>
  <testcase classname="com.scotts.mygarden.test.TestSuccessPlans" name="ActivityCompleted" time="30.324">
    <failure type="org.openqa.selenium.NoSuchElementException" message="Can&amp;apos;t locate an element by this strategy: By.chained({By.id: com.scotts.gro.alpha:id/text_action})">
      <![CDATA[org.openqa.selenium.NoSuchElementException: Can't locate an element by this strategy: By.chained({By.id: com.scotts.gro.alpha:id/text_action})
at io.appium.java_client.pagefactory.AppiumElementLocator.findElement(AppiumElementLocator.java:126)
at io.appium.java_client.pagefactory.interceptors.InterceptorOfASingleElement.intercept(InterceptorOfASingleElement.java:59)
at io.appium.java_client.android.AndroidElement$$EnhancerByCGLIB$$b598166c.click(<generated>)
at com.scotts.mygarden.page.SuccessPlan.ReadLink(SuccessPlan.java:79)
at com.scotts.mygarden.test.TestSuccessPlans.ActivityCompleted(TestSuccessPlans.java:52)
Caused by: org.openqa.selenium.TimeoutException: Expected condition failed: waiting for io.appium.java_client.pagefactory.AppiumElementLocator$WaitingFunction@514377fc (tried for 1 second(s) with 500 milliseconds interval)
at org.openqa.selenium.support.ui.FluentWait.timeoutException(FluentWait.java:304)
at org.openqa.selenium.support.ui.FluentWait.until(FluentWait.java:272)
at io.appium.java_client.pagefactory.AppiumElementLocator.waitFor(AppiumElementLocator.java:99)
at io.appium.java_client.pagefactory.AppiumElementLocator.findElement(AppiumElementLocator.java:119)
... 29 more
Caused by: org.openqa.selenium.NoSuchElementException: Cannot locate an element using By.chained({By.id: com.scotts.gro.alpha:id/text_action})
For documentation on this error, please visit: https://www.seleniumhq.org/exceptions/no_such_element.html
Build info: version: '3.141.59', revision: 'e82be7d358', time: '2018-11-14T08:17:03'
System info: host: 'DESKTOP-3OLENNV', ip: '10.15.2.157', os.name: 'Windows 10', os.arch: 'amd64', os.version: '10.0', java.version: '10.0.2'
Driver info: driver.version: AndroidDriver
at io.appium.java_client.pagefactory.bys.builder.ByChained.findElement(ByChained.java:74)
at org.openqa.selenium.remote.RemoteWebDriver.findElement(RemoteWebDriver.java:315)
at io.appium.java_client.DefaultGenericMobileDriver.findElement(DefaultGenericMobileDriver.java:58)
at io.appium.java_client.AppiumDriver.findElement(AppiumDriver.java:1)
at io.appium.java_client.android.AndroidDriver.findElement(AndroidDriver.java:1)
at io.appium.java_client.pagefactory.bys.ContentMappedBy.findElement(ContentMappedBy.java:50)
at org.openqa.selenium.remote.RemoteWebDriver.findElement(RemoteWebDriver.java:315)
at io.appium.java_client.DefaultGenericMobileDriver.findElement(DefaultGenericMobileDriver.java:58)
at io.appium.java_client.AppiumDriver.findElement(AppiumDriver.java:1)
at io.appium.java_client.android.AndroidDriver.findElement(AndroidDriver.java:1)
at io.appium.java_client.pagefactory.AppiumElementLocator.lambda$0(AppiumElementLocator.java:120)
at io.appium.java_client.pagefactory.AppiumElementLocator$WaitingFunction.apply(AppiumElementLocator.java:172)
at io.appium.java_client.pagefactory.AppiumElementLocator$WaitingFunction.apply(AppiumElementLocator.java:1)
at org.openqa.selenium.support.ui.FluentWait.until(FluentWait.java:249)
... 31 more
... Removed 25 stack frames]]>
    </failure>
  </testcase> <!-- ActivityCompleted -->
  <testcase classname="com.scotts.mygarden.test.TestSuccessPlans" name="DeleteSuccessPlan" time="7.835"/>
  <testcase classname="com.scotts.mygarden.test.TestProjectOverview" name="ExistingPlan" time="0.0">
    <ignored/>
  </testcase> <!-- ExistingPlan -->
  <testcase classname="com.scotts.mygarden.test.TestSuccessPlans" name="ThisWeekDataVerify" time="0.0">
    <ignored/>
  </testcase> <!-- ThisWeekDataVerify -->
</testsuite> <!-- Test -->
